{"level":"info","message":"::1 - - [15/Oct/2025:05:11:02 +0000] \"GET /send-email HTTP/1.1\" 404 149 \"-\" \"PostmanRuntime/7.48.0\"","timestamp":"2025-10-15T05:11:02.008Z"}
{"level":"info","message":"::1 - - [15/Oct/2025:05:12:06 +0000] \"GET /api/csrf-token HTTP/1.1\" 200 52 \"-\" \"PostmanRuntime/7.48.0\"","timestamp":"2025-10-15T05:12:06.780Z"}
{"level":"info","message":"::1 - - [15/Oct/2025:05:13:15 +0000] \"GET /api/csrf-token HTTP/1.1\" 200 52 \"-\" \"PostmanRuntime/7.48.0\"","timestamp":"2025-10-15T05:13:15.723Z"}
{"level":"info","message":"::1 - - [15/Oct/2025:05:13:16 +0000] \"GET /api/csrf-token HTTP/1.1\" 200 52 \"-\" \"PostmanRuntime/7.48.0\"","timestamp":"2025-10-15T05:13:16.111Z"}
{"level":"info","message":"::1 - - [15/Oct/2025:05:13:16 +0000] \"GET /api/csrf-token HTTP/1.1\" 200 52 \"-\" \"PostmanRuntime/7.48.0\"","timestamp":"2025-10-15T05:13:16.537Z"}
{"level":"info","message":"::1 - - [15/Oct/2025:05:13:16 +0000] \"GET /api/csrf-token HTTP/1.1\" 200 52 \"-\" \"PostmanRuntime/7.48.0\"","timestamp":"2025-10-15T05:13:16.874Z"}
{"level":"info","message":"::1 - - [15/Oct/2025:05:13:17 +0000] \"GET /api/csrf-token HTTP/1.1\" 200 52 \"-\" \"PostmanRuntime/7.48.0\"","timestamp":"2025-10-15T05:13:17.215Z"}
{"level":"info","message":"::1 - - [15/Oct/2025:05:13:17 +0000] \"GET /api/csrf-token HTTP/1.1\" 200 52 \"-\" \"PostmanRuntime/7.48.0\"","timestamp":"2025-10-15T05:13:17.526Z"}
{"level":"info","message":"::1 - - [15/Oct/2025:05:13:18 +0000] \"GET /api/csrf-token HTTP/1.1\" 200 52 \"-\" \"PostmanRuntime/7.48.0\"","timestamp":"2025-10-15T05:13:18.149Z"}
{"level":"info","message":"::1 - - [15/Oct/2025:05:13:18 +0000] \"GET /api/csrf-token HTTP/1.1\" 200 52 \"-\" \"PostmanRuntime/7.48.0\"","timestamp":"2025-10-15T05:13:18.501Z"}
{"level":"info","message":"::1 - - [15/Oct/2025:05:13:19 +0000] \"GET /api/csrf-token HTTP/1.1\" 200 52 \"-\" \"PostmanRuntime/7.48.0\"","timestamp":"2025-10-15T05:13:19.103Z"}
{"level":"info","message":"::1 - - [15/Oct/2025:05:13:19 +0000] \"GET /api/csrf-token HTTP/1.1\" 200 52 \"-\" \"PostmanRuntime/7.48.0\"","timestamp":"2025-10-15T05:13:19.722Z"}
{"level":"info","message":"::1 - - [15/Oct/2025:05:13:20 +0000] \"GET /api/csrf-token HTTP/1.1\" 200 52 \"-\" \"PostmanRuntime/7.48.0\"","timestamp":"2025-10-15T05:13:20.638Z"}
{"level":"info","message":"::1 - - [15/Oct/2025:05:13:21 +0000] \"GET /api/csrf-token HTTP/1.1\" 200 52 \"-\" \"PostmanRuntime/7.48.0\"","timestamp":"2025-10-15T05:13:21.237Z"}
{"level":"info","message":"::1 - - [15/Oct/2025:05:13:21 +0000] \"GET /api/csrf-token HTTP/1.1\" 200 52 \"-\" \"PostmanRuntime/7.48.0\"","timestamp":"2025-10-15T05:13:21.832Z"}
{"level":"info","message":"::1 - - [15/Oct/2025:05:13:22 +0000] \"GET /api/csrf-token HTTP/1.1\" 200 52 \"-\" \"PostmanRuntime/7.48.0\"","timestamp":"2025-10-15T05:13:22.339Z"}
{"level":"info","message":"::1 - - [15/Oct/2025:05:13:25 +0000] \"GET /api/csrf-token HTTP/1.1\" 200 52 \"-\" \"PostmanRuntime/7.48.0\"","timestamp":"2025-10-15T05:13:25.035Z"}
{"level":"info","message":"::1 - - [15/Oct/2025:05:13:26 +0000] \"GET /api/csrf-token HTTP/1.1\" 200 52 \"-\" \"PostmanRuntime/7.48.0\"","timestamp":"2025-10-15T05:13:26.307Z"}
{"level":"info","message":"::1 - - [15/Oct/2025:05:13:26 +0000] \"GET /api/csrf-token HTTP/1.1\" 200 52 \"-\" \"PostmanRuntime/7.48.0\"","timestamp":"2025-10-15T05:13:26.755Z"}
{"level":"info","message":"::1 - - [15/Oct/2025:05:13:27 +0000] \"GET /api/csrf-token HTTP/1.1\" 200 52 \"-\" \"PostmanRuntime/7.48.0\"","timestamp":"2025-10-15T05:13:27.757Z"}
{"level":"info","message":"::1 - - [15/Oct/2025:05:13:28 +0000] \"GET /api/csrf-token HTTP/1.1\" 200 52 \"-\" \"PostmanRuntime/7.48.0\"","timestamp":"2025-10-15T05:13:28.584Z"}
{"level":"info","message":"::1 - - [15/Oct/2025:05:13:29 +0000] \"GET /api/csrf-token HTTP/1.1\" 200 52 \"-\" \"PostmanRuntime/7.48.0\"","timestamp":"2025-10-15T05:13:29.396Z"}
{"level":"info","message":"::1 - - [15/Oct/2025:05:13:30 +0000] \"GET /api/csrf-token HTTP/1.1\" 200 52 \"-\" \"PostmanRuntime/7.48.0\"","timestamp":"2025-10-15T05:13:30.297Z"}
{"level":"info","message":"::1 - - [15/Oct/2025:05:13:31 +0000] \"GET /api/csrf-token HTTP/1.1\" 200 52 \"-\" \"PostmanRuntime/7.48.0\"","timestamp":"2025-10-15T05:13:31.246Z"}
{"level":"info","message":"::1 - - [15/Oct/2025:05:13:32 +0000] \"GET /api/csrf-token HTTP/1.1\" 200 52 \"-\" \"PostmanRuntime/7.48.0\"","timestamp":"2025-10-15T05:13:32.008Z"}
{"level":"info","message":"::1 - - [15/Oct/2025:05:13:32 +0000] \"GET /api/csrf-token HTTP/1.1\" 200 52 \"-\" \"PostmanRuntime/7.48.0\"","timestamp":"2025-10-15T05:13:32.839Z"}
{"level":"info","message":"::1 - - [15/Oct/2025:05:13:33 +0000] \"GET /api/csrf-token HTTP/1.1\" 200 52 \"-\" \"PostmanRuntime/7.48.0\"","timestamp":"2025-10-15T05:13:33.599Z"}
{"level":"info","message":"::1 - - [15/Oct/2025:05:13:34 +0000] \"GET /api/csrf-token HTTP/1.1\" 200 52 \"-\" \"PostmanRuntime/7.48.0\"","timestamp":"2025-10-15T05:13:34.350Z"}
{"level":"info","message":"::1 - - [15/Oct/2025:05:13:35 +0000] \"GET /api/csrf-token HTTP/1.1\" 200 52 \"-\" \"PostmanRuntime/7.48.0\"","timestamp":"2025-10-15T05:13:35.082Z"}
{"level":"info","message":"::1 - - [15/Oct/2025:05:13:35 +0000] \"GET /api/csrf-token HTTP/1.1\" 200 52 \"-\" \"PostmanRuntime/7.48.0\"","timestamp":"2025-10-15T05:13:35.847Z"}
{"level":"info","message":"::1 - - [15/Oct/2025:05:13:36 +0000] \"GET /api/csrf-token HTTP/1.1\" 200 52 \"-\" \"PostmanRuntime/7.48.0\"","timestamp":"2025-10-15T05:13:36.517Z"}
{"level":"info","message":"::1 - - [15/Oct/2025:05:13:37 +0000] \"GET /api/csrf-token HTTP/1.1\" 200 52 \"-\" \"PostmanRuntime/7.48.0\"","timestamp":"2025-10-15T05:13:37.171Z"}
{"level":"info","message":"::1 - - [15/Oct/2025:05:13:37 +0000] \"GET /api/csrf-token HTTP/1.1\" 200 52 \"-\" \"PostmanRuntime/7.48.0\"","timestamp":"2025-10-15T05:13:37.887Z"}
{"level":"info","message":"::1 - - [15/Oct/2025:05:13:38 +0000] \"GET /api/csrf-token HTTP/1.1\" 200 52 \"-\" \"PostmanRuntime/7.48.0\"","timestamp":"2025-10-15T05:13:38.636Z"}
{"level":"info","message":"::1 - - [15/Oct/2025:05:13:39 +0000] \"GET /api/csrf-token HTTP/1.1\" 200 52 \"-\" \"PostmanRuntime/7.48.0\"","timestamp":"2025-10-15T05:13:39.318Z"}
{"level":"info","message":"::1 - - [15/Oct/2025:05:13:39 +0000] \"GET /api/csrf-token HTTP/1.1\" 200 52 \"-\" \"PostmanRuntime/7.48.0\"","timestamp":"2025-10-15T05:13:39.955Z"}
{"level":"info","message":"::1 - - [15/Oct/2025:05:13:40 +0000] \"GET /api/csrf-token HTTP/1.1\" 200 52 \"-\" \"PostmanRuntime/7.48.0\"","timestamp":"2025-10-15T05:13:40.595Z"}
{"level":"info","message":"::1 - - [15/Oct/2025:05:13:41 +0000] \"GET /api/csrf-token HTTP/1.1\" 200 52 \"-\" \"PostmanRuntime/7.48.0\"","timestamp":"2025-10-15T05:13:41.249Z"}
{"level":"info","message":"::1 - - [15/Oct/2025:05:13:41 +0000] \"GET /api/csrf-token HTTP/1.1\" 200 52 \"-\" \"PostmanRuntime/7.48.0\"","timestamp":"2025-10-15T05:13:41.858Z"}
{"level":"info","message":"::1 - - [15/Oct/2025:05:13:42 +0000] \"GET /api/csrf-token HTTP/1.1\" 200 52 \"-\" \"PostmanRuntime/7.48.0\"","timestamp":"2025-10-15T05:13:42.415Z"}
{"level":"info","message":"::1 - - [15/Oct/2025:05:13:43 +0000] \"GET /api/csrf-token HTTP/1.1\" 200 52 \"-\" \"PostmanRuntime/7.48.0\"","timestamp":"2025-10-15T05:13:43.021Z"}
{"level":"info","message":"::1 - - [15/Oct/2025:05:13:43 +0000] \"GET /api/csrf-token HTTP/1.1\" 200 52 \"-\" \"PostmanRuntime/7.48.0\"","timestamp":"2025-10-15T05:13:43.665Z"}
{"level":"info","message":"::1 - - [15/Oct/2025:05:13:44 +0000] \"GET /api/csrf-token HTTP/1.1\" 200 52 \"-\" \"PostmanRuntime/7.48.0\"","timestamp":"2025-10-15T05:13:44.256Z"}
{"level":"info","message":"::1 - - [15/Oct/2025:05:13:44 +0000] \"GET /api/csrf-token HTTP/1.1\" 200 52 \"-\" \"PostmanRuntime/7.48.0\"","timestamp":"2025-10-15T05:13:44.927Z"}
{"level":"info","message":"::1 - - [15/Oct/2025:05:13:45 +0000] \"GET /api/csrf-token HTTP/1.1\" 200 52 \"-\" \"PostmanRuntime/7.48.0\"","timestamp":"2025-10-15T05:13:45.972Z"}
{"level":"info","message":"::1 - - [15/Oct/2025:05:13:46 +0000] \"GET /api/csrf-token HTTP/1.1\" 200 52 \"-\" \"PostmanRuntime/7.48.0\"","timestamp":"2025-10-15T05:13:46.721Z"}
{"level":"info","message":"::1 - - [15/Oct/2025:05:13:47 +0000] \"GET /api/csrf-token HTTP/1.1\" 200 52 \"-\" \"PostmanRuntime/7.48.0\"","timestamp":"2025-10-15T05:13:47.440Z"}
{"level":"info","message":"::1 - - [15/Oct/2025:05:13:48 +0000] \"GET /api/csrf-token HTTP/1.1\" 200 52 \"-\" \"PostmanRuntime/7.48.0\"","timestamp":"2025-10-15T05:13:48.233Z"}
{"level":"info","message":"::1 - - [15/Oct/2025:05:13:48 +0000] \"GET /api/csrf-token HTTP/1.1\" 200 52 \"-\" \"PostmanRuntime/7.48.0\"","timestamp":"2025-10-15T05:13:48.873Z"}
{"level":"info","message":"::1 - - [15/Oct/2025:05:13:49 +0000] \"GET /api/csrf-token HTTP/1.1\" 200 52 \"-\" \"PostmanRuntime/7.48.0\"","timestamp":"2025-10-15T05:13:49.465Z"}
{"level":"info","message":"::1 - - [15/Oct/2025:05:13:50 +0000] \"GET /api/csrf-token HTTP/1.1\" 200 52 \"-\" \"PostmanRuntime/7.48.0\"","timestamp":"2025-10-15T05:13:50.060Z"}
{"level":"info","message":"::1 - - [15/Oct/2025:05:13:50 +0000] \"GET /api/csrf-token HTTP/1.1\" 200 52 \"-\" \"PostmanRuntime/7.48.0\"","timestamp":"2025-10-15T05:13:50.639Z"}
{"level":"info","message":"::1 - - [15/Oct/2025:05:13:51 +0000] \"GET /api/csrf-token HTTP/1.1\" 200 52 \"-\" \"PostmanRuntime/7.48.0\"","timestamp":"2025-10-15T05:13:51.272Z"}
{"level":"info","message":"::1 - - [15/Oct/2025:05:13:51 +0000] \"GET /api/csrf-token HTTP/1.1\" 200 52 \"-\" \"PostmanRuntime/7.48.0\"","timestamp":"2025-10-15T05:13:51.860Z"}
{"level":"info","message":"::1 - - [15/Oct/2025:05:13:52 +0000] \"GET /api/csrf-token HTTP/1.1\" 200 52 \"-\" \"PostmanRuntime/7.48.0\"","timestamp":"2025-10-15T05:13:52.439Z"}
{"level":"info","message":"::1 - - [15/Oct/2025:05:13:53 +0000] \"GET /api/csrf-token HTTP/1.1\" 200 52 \"-\" \"PostmanRuntime/7.48.0\"","timestamp":"2025-10-15T05:13:53.021Z"}
{"level":"info","message":"::1 - - [15/Oct/2025:05:13:53 +0000] \"GET /api/csrf-token HTTP/1.1\" 200 52 \"-\" \"PostmanRuntime/7.48.0\"","timestamp":"2025-10-15T05:13:53.613Z"}
{"level":"info","message":"::1 - - [15/Oct/2025:05:13:54 +0000] \"GET /api/csrf-token HTTP/1.1\" 200 52 \"-\" \"PostmanRuntime/7.48.0\"","timestamp":"2025-10-15T05:13:54.190Z"}
{"level":"info","message":"::1 - - [15/Oct/2025:05:13:54 +0000] \"GET /api/csrf-token HTTP/1.1\" 200 52 \"-\" \"PostmanRuntime/7.48.0\"","timestamp":"2025-10-15T05:13:54.736Z"}
{"level":"info","message":"::1 - - [15/Oct/2025:05:13:55 +0000] \"GET /api/csrf-token HTTP/1.1\" 200 52 \"-\" \"PostmanRuntime/7.48.0\"","timestamp":"2025-10-15T05:13:55.314Z"}
{"level":"info","message":"::1 - - [15/Oct/2025:05:13:55 +0000] \"GET /api/csrf-token HTTP/1.1\" 200 52 \"-\" \"PostmanRuntime/7.48.0\"","timestamp":"2025-10-15T05:13:55.887Z"}
{"level":"info","message":"::1 - - [15/Oct/2025:05:13:56 +0000] \"GET /api/csrf-token HTTP/1.1\" 200 52 \"-\" \"PostmanRuntime/7.48.0\"","timestamp":"2025-10-15T05:13:56.482Z"}
{"level":"info","message":"::1 - - [15/Oct/2025:05:13:57 +0000] \"GET /api/csrf-token HTTP/1.1\" 200 52 \"-\" \"PostmanRuntime/7.48.0\"","timestamp":"2025-10-15T05:13:57.104Z"}
{"level":"info","message":"::1 - - [15/Oct/2025:05:13:57 +0000] \"GET /api/csrf-token HTTP/1.1\" 200 52 \"-\" \"PostmanRuntime/7.48.0\"","timestamp":"2025-10-15T05:13:57.663Z"}
{"level":"info","message":"::1 - - [15/Oct/2025:05:13:58 +0000] \"GET /api/csrf-token HTTP/1.1\" 200 52 \"-\" \"PostmanRuntime/7.48.0\"","timestamp":"2025-10-15T05:13:58.257Z"}
{"level":"info","message":"::1 - - [15/Oct/2025:05:13:58 +0000] \"GET /api/csrf-token HTTP/1.1\" 200 52 \"-\" \"PostmanRuntime/7.48.0\"","timestamp":"2025-10-15T05:13:58.789Z"}
{"level":"info","message":"::1 - - [15/Oct/2025:05:13:59 +0000] \"GET /api/csrf-token HTTP/1.1\" 200 52 \"-\" \"PostmanRuntime/7.48.0\"","timestamp":"2025-10-15T05:13:59.433Z"}
{"level":"info","message":"::1 - - [15/Oct/2025:05:13:59 +0000] \"GET /api/csrf-token HTTP/1.1\" 200 52 \"-\" \"PostmanRuntime/7.48.0\"","timestamp":"2025-10-15T05:13:59.990Z"}
{"level":"info","message":"::1 - - [15/Oct/2025:05:14:00 +0000] \"GET /api/csrf-token HTTP/1.1\" 200 52 \"-\" \"PostmanRuntime/7.48.0\"","timestamp":"2025-10-15T05:14:00.546Z"}
{"level":"info","message":"::1 - - [15/Oct/2025:05:14:01 +0000] \"GET /api/csrf-token HTTP/1.1\" 200 52 \"-\" \"PostmanRuntime/7.48.0\"","timestamp":"2025-10-15T05:14:01.091Z"}
{"level":"info","message":"::1 - - [15/Oct/2025:05:14:01 +0000] \"GET /api/csrf-token HTTP/1.1\" 200 52 \"-\" \"PostmanRuntime/7.48.0\"","timestamp":"2025-10-15T05:14:01.663Z"}
{"level":"info","message":"::1 - - [15/Oct/2025:05:14:02 +0000] \"GET /api/csrf-token HTTP/1.1\" 200 52 \"-\" \"PostmanRuntime/7.48.0\"","timestamp":"2025-10-15T05:14:02.281Z"}
{"level":"info","message":"::1 - - [15/Oct/2025:05:14:02 +0000] \"GET /api/csrf-token HTTP/1.1\" 200 52 \"-\" \"PostmanRuntime/7.48.0\"","timestamp":"2025-10-15T05:14:02.834Z"}
{"level":"info","message":"::1 - - [15/Oct/2025:05:14:03 +0000] \"GET /api/csrf-token HTTP/1.1\" 200 52 \"-\" \"PostmanRuntime/7.48.0\"","timestamp":"2025-10-15T05:14:03.393Z"}
{"level":"info","message":"::1 - - [15/Oct/2025:05:14:03 +0000] \"GET /api/csrf-token HTTP/1.1\" 200 52 \"-\" \"PostmanRuntime/7.48.0\"","timestamp":"2025-10-15T05:14:03.934Z"}
{"level":"info","message":"::1 - - [15/Oct/2025:05:14:04 +0000] \"GET /api/csrf-token HTTP/1.1\" 200 52 \"-\" \"PostmanRuntime/7.48.0\"","timestamp":"2025-10-15T05:14:04.462Z"}
{"level":"info","message":"::1 - - [15/Oct/2025:05:14:05 +0000] \"GET /api/csrf-token HTTP/1.1\" 200 52 \"-\" \"PostmanRuntime/7.48.0\"","timestamp":"2025-10-15T05:14:05.089Z"}
{"level":"info","message":"::1 - - [15/Oct/2025:05:14:05 +0000] \"GET /api/csrf-token HTTP/1.1\" 200 52 \"-\" \"PostmanRuntime/7.48.0\"","timestamp":"2025-10-15T05:14:05.688Z"}
{"level":"info","message":"::1 - - [15/Oct/2025:05:14:06 +0000] \"GET /api/csrf-token HTTP/1.1\" 200 52 \"-\" \"PostmanRuntime/7.48.0\"","timestamp":"2025-10-15T05:14:06.255Z"}
{"level":"info","message":"::1 - - [15/Oct/2025:05:14:06 +0000] \"GET /api/csrf-token HTTP/1.1\" 200 52 \"-\" \"PostmanRuntime/7.48.0\"","timestamp":"2025-10-15T05:14:06.834Z"}
{"level":"info","message":"::1 - - [15/Oct/2025:05:14:07 +0000] \"GET /api/csrf-token HTTP/1.1\" 200 52 \"-\" \"PostmanRuntime/7.48.0\"","timestamp":"2025-10-15T05:14:07.419Z"}
{"level":"info","message":"::1 - - [15/Oct/2025:05:14:07 +0000] \"GET /api/csrf-token HTTP/1.1\" 200 52 \"-\" \"PostmanRuntime/7.48.0\"","timestamp":"2025-10-15T05:14:07.943Z"}
{"level":"info","message":"::1 - - [15/Oct/2025:05:14:08 +0000] \"GET /api/csrf-token HTTP/1.1\" 200 52 \"-\" \"PostmanRuntime/7.48.0\"","timestamp":"2025-10-15T05:14:08.501Z"}
{"level":"info","message":"::1 - - [15/Oct/2025:05:14:09 +0000] \"GET /api/csrf-token HTTP/1.1\" 200 52 \"-\" \"PostmanRuntime/7.48.0\"","timestamp":"2025-10-15T05:14:09.087Z"}
{"level":"info","message":"::1 - - [15/Oct/2025:05:14:09 +0000] \"GET /api/csrf-token HTTP/1.1\" 200 52 \"-\" \"PostmanRuntime/7.48.0\"","timestamp":"2025-10-15T05:14:09.646Z"}
{"level":"info","message":"::1 - - [15/Oct/2025:05:14:10 +0000] \"GET /api/csrf-token HTTP/1.1\" 200 52 \"-\" \"PostmanRuntime/7.48.0\"","timestamp":"2025-10-15T05:14:10.210Z"}
{"level":"info","message":"::1 - - [15/Oct/2025:05:14:10 +0000] \"GET /api/csrf-token HTTP/1.1\" 200 52 \"-\" \"PostmanRuntime/7.48.0\"","timestamp":"2025-10-15T05:14:10.786Z"}
{"level":"info","message":"::1 - - [15/Oct/2025:05:14:11 +0000] \"GET /api/csrf-token HTTP/1.1\" 200 52 \"-\" \"PostmanRuntime/7.48.0\"","timestamp":"2025-10-15T05:14:11.375Z"}
{"level":"info","message":"::1 - - [15/Oct/2025:05:14:11 +0000] \"GET /api/csrf-token HTTP/1.1\" 200 52 \"-\" \"PostmanRuntime/7.48.0\"","timestamp":"2025-10-15T05:14:11.937Z"}
{"level":"info","message":"::1 - - [15/Oct/2025:05:14:12 +0000] \"GET /api/csrf-token HTTP/1.1\" 200 52 \"-\" \"PostmanRuntime/7.48.0\"","timestamp":"2025-10-15T05:14:12.513Z"}
{"level":"info","message":"::1 - - [15/Oct/2025:05:14:13 +0000] \"GET /api/csrf-token HTTP/1.1\" 200 52 \"-\" \"PostmanRuntime/7.48.0\"","timestamp":"2025-10-15T05:14:13.117Z"}
{"level":"info","message":"::1 - - [15/Oct/2025:05:14:13 +0000] \"GET /api/csrf-token HTTP/1.1\" 200 52 \"-\" \"PostmanRuntime/7.48.0\"","timestamp":"2025-10-15T05:14:13.716Z"}
{"level":"info","message":"::1 - - [15/Oct/2025:05:14:14 +0000] \"GET /api/csrf-token HTTP/1.1\" 200 52 \"-\" \"PostmanRuntime/7.48.0\"","timestamp":"2025-10-15T05:14:14.286Z"}
{"level":"info","message":"::1 - - [15/Oct/2025:05:14:14 +0000] \"GET /api/csrf-token HTTP/1.1\" 200 52 \"-\" \"PostmanRuntime/7.48.0\"","timestamp":"2025-10-15T05:14:14.851Z"}
{"level":"info","message":"::1 - - [15/Oct/2025:05:14:15 +0000] \"GET /api/csrf-token HTTP/1.1\" 200 52 \"-\" \"PostmanRuntime/7.48.0\"","timestamp":"2025-10-15T05:14:15.503Z"}
{"level":"info","message":"::1 - - [15/Oct/2025:05:14:16 +0000] \"GET /api/csrf-token HTTP/1.1\" 200 52 \"-\" \"PostmanRuntime/7.48.0\"","timestamp":"2025-10-15T05:14:16.090Z"}
{"level":"info","message":"::1 - - [15/Oct/2025:05:14:16 +0000] \"GET /api/csrf-token HTTP/1.1\" 200 52 \"-\" \"PostmanRuntime/7.48.0\"","timestamp":"2025-10-15T05:14:16.698Z"}
{"level":"info","message":"::1 - - [15/Oct/2025:05:14:17 +0000] \"GET /api/csrf-token HTTP/1.1\" 200 52 \"-\" \"PostmanRuntime/7.48.0\"","timestamp":"2025-10-15T05:14:17.269Z"}
{"level":"info","message":"::1 - - [15/Oct/2025:05:14:17 +0000] \"GET /api/csrf-token HTTP/1.1\" 200 52 \"-\" \"PostmanRuntime/7.48.0\"","timestamp":"2025-10-15T05:14:17.799Z"}
{"level":"info","message":"::1 - - [15/Oct/2025:05:14:18 +0000] \"GET /api/csrf-token HTTP/1.1\" 200 52 \"-\" \"PostmanRuntime/7.48.0\"","timestamp":"2025-10-15T05:14:18.341Z"}
{"level":"info","message":"::1 - - [15/Oct/2025:05:22:03 +0000] \"GET /api/csrf-token HTTP/1.1\" 200 52 \"-\" \"PostmanRuntime/7.48.0\"","timestamp":"2025-10-15T05:22:03.022Z"}
{"level":"error","message":"ForbiddenError: invalid csrf token\n    at csrf (E:\\GIT\\NodeJS\\node_modules\\csurf\\index.js:112:19)\n    at Layer.handleRequest (E:\\GIT\\NodeJS\\node_modules\\router\\lib\\layer.js:152:17)\n    at trimPrefix (E:\\GIT\\NodeJS\\node_modules\\router\\index.js:342:13)\n    at E:\\GIT\\NodeJS\\node_modules\\router\\index.js:297:9\n    at processParams (E:\\GIT\\NodeJS\\node_modules\\router\\index.js:582:12)\n    at next (E:\\GIT\\NodeJS\\node_modules\\router\\index.js:291:5)\n    at file:///E:/GIT/NodeJS/node_modules/express-rate-limit/dist/index.mjs:870:7\n    at process.processTicksAndRejections (node:internal/process/task_queues:105:5)\n    at async file:///E:/GIT/NodeJS/node_modules/express-rate-limit/dist/index.mjs:753:5","timestamp":"2025-10-15T05:25:39.301Z"}
{"level":"info","message":"::1 - - [15/Oct/2025:05:25:39 +0000] \"POST /auth/login HTTP/1.1\" 500 35 \"-\" \"PostmanRuntime/7.48.0\"","timestamp":"2025-10-15T05:25:39.306Z"}
{"level":"error","message":"ForbiddenError: invalid csrf token\n    at csrf (E:\\GIT\\NodeJS\\node_modules\\csurf\\index.js:112:19)\n    at Layer.handleRequest (E:\\GIT\\NodeJS\\node_modules\\router\\lib\\layer.js:152:17)\n    at trimPrefix (E:\\GIT\\NodeJS\\node_modules\\router\\index.js:342:13)\n    at E:\\GIT\\NodeJS\\node_modules\\router\\index.js:297:9\n    at processParams (E:\\GIT\\NodeJS\\node_modules\\router\\index.js:582:12)\n    at next (E:\\GIT\\NodeJS\\node_modules\\router\\index.js:291:5)\n    at file:///E:/GIT/NodeJS/node_modules/express-rate-limit/dist/index.mjs:870:7\n    at process.processTicksAndRejections (node:internal/process/task_queues:105:5)\n    at async file:///E:/GIT/NodeJS/node_modules/express-rate-limit/dist/index.mjs:753:5","timestamp":"2025-10-15T05:26:24.980Z"}
{"level":"info","message":"::1 - - [15/Oct/2025:05:26:24 +0000] \"POST /auth/register HTTP/1.1\" 500 35 \"-\" \"PostmanRuntime/7.48.0\"","timestamp":"2025-10-15T05:26:24.983Z"}
{"level":"error","message":"ForbiddenError: invalid csrf token\n    at csrf (E:\\GIT\\NodeJS\\node_modules\\csurf\\index.js:112:19)\n    at Layer.handleRequest (E:\\GIT\\NodeJS\\node_modules\\router\\lib\\layer.js:152:17)\n    at trimPrefix (E:\\GIT\\NodeJS\\node_modules\\router\\index.js:342:13)\n    at E:\\GIT\\NodeJS\\node_modules\\router\\index.js:297:9\n    at processParams (E:\\GIT\\NodeJS\\node_modules\\router\\index.js:582:12)\n    at next (E:\\GIT\\NodeJS\\node_modules\\router\\index.js:291:5)\n    at file:///E:/GIT/NodeJS/node_modules/express-rate-limit/dist/index.mjs:870:7\n    at process.processTicksAndRejections (node:internal/process/task_queues:105:5)\n    at async file:///E:/GIT/NodeJS/node_modules/express-rate-limit/dist/index.mjs:753:5","timestamp":"2025-10-15T05:34:55.641Z"}
{"level":"info","message":"::1 - - [15/Oct/2025:05:34:55 +0000] \"POST /auth/register HTTP/1.1\" 500 35 \"-\" \"PostmanRuntime/7.48.0\"","timestamp":"2025-10-15T05:34:55.646Z"}
{"level":"error","message":"ForbiddenError: invalid csrf token\n    at csrf (E:\\GIT\\NodeJS\\node_modules\\csurf\\index.js:112:19)\n    at Layer.handleRequest (E:\\GIT\\NodeJS\\node_modules\\router\\lib\\layer.js:152:17)\n    at trimPrefix (E:\\GIT\\NodeJS\\node_modules\\router\\index.js:342:13)\n    at E:\\GIT\\NodeJS\\node_modules\\router\\index.js:297:9\n    at processParams (E:\\GIT\\NodeJS\\node_modules\\router\\index.js:582:12)\n    at next (E:\\GIT\\NodeJS\\node_modules\\router\\index.js:291:5)\n    at file:///E:/GIT/NodeJS/node_modules/express-rate-limit/dist/index.mjs:870:7\n    at process.processTicksAndRejections (node:internal/process/task_queues:105:5)\n    at async file:///E:/GIT/NodeJS/node_modules/express-rate-limit/dist/index.mjs:753:5","timestamp":"2025-10-15T05:36:31.567Z"}
{"level":"info","message":"::1 - - [15/Oct/2025:05:36:31 +0000] \"POST /auth/register HTTP/1.1\" 500 35 \"-\" \"PostmanRuntime/7.48.0\"","timestamp":"2025-10-15T05:36:31.580Z"}
{"level":"info","message":"::1 - - [15/Oct/2025:05:37:07 +0000] \"GET /api/csrf-token HTTP/1.1\" 200 52 \"-\" \"PostmanRuntime/7.48.0\"","timestamp":"2025-10-15T05:37:07.460Z"}
{"level":"error","message":"ForbiddenError: invalid csrf token\n    at csrf (E:\\GIT\\NodeJS\\node_modules\\csurf\\index.js:112:19)\n    at Layer.handleRequest (E:\\GIT\\NodeJS\\node_modules\\router\\lib\\layer.js:152:17)\n    at trimPrefix (E:\\GIT\\NodeJS\\node_modules\\router\\index.js:342:13)\n    at E:\\GIT\\NodeJS\\node_modules\\router\\index.js:297:9\n    at processParams (E:\\GIT\\NodeJS\\node_modules\\router\\index.js:582:12)\n    at next (E:\\GIT\\NodeJS\\node_modules\\router\\index.js:291:5)\n    at file:///E:/GIT/NodeJS/node_modules/express-rate-limit/dist/index.mjs:870:7\n    at process.processTicksAndRejections (node:internal/process/task_queues:105:5)\n    at async file:///E:/GIT/NodeJS/node_modules/express-rate-limit/dist/index.mjs:753:5","timestamp":"2025-10-15T05:37:18.205Z"}
{"level":"info","message":"::1 - - [15/Oct/2025:05:37:18 +0000] \"POST /auth/register HTTP/1.1\" 500 35 \"-\" \"PostmanRuntime/7.48.0\"","timestamp":"2025-10-15T05:37:18.208Z"}
{"level":"info","message":"::1 - - [15/Oct/2025:05:47:33 +0000] \"GET /api/csrf-token HTTP/1.1\" 200 52 \"-\" \"PostmanRuntime/7.48.0\"","timestamp":"2025-10-15T05:47:33.776Z"}
{"level":"info","message":"::1 - - [15/Oct/2025:05:49:18 +0000] \"POST /auth/register HTTP/1.1\" 404 153 \"-\" \"PostmanRuntime/7.48.0\"","timestamp":"2025-10-15T05:49:18.246Z"}
{"level":"info","message":"::1 - - [15/Oct/2025:05:50:59 +0000] \"POST /auth/register HTTP/1.1\" 404 153 \"-\" \"PostmanRuntime/7.48.0\"","timestamp":"2025-10-15T05:50:59.415Z"}
{"level":"info","message":"::1 - - [15/Oct/2025:05:51:19 +0000] \"POST /auth/register HTTP/1.1\" 404 153 \"-\" \"PostmanRuntime/7.48.0\"","timestamp":"2025-10-15T05:51:19.989Z"}
{"level":"info","message":"::1 - - [15/Oct/2025:05:51:33 +0000] \"GET /api/csrf-token HTTP/1.1\" 200 52 \"-\" \"PostmanRuntime/7.48.0\"","timestamp":"2025-10-15T05:51:33.532Z"}
{"level":"info","message":"::1 - - [15/Oct/2025:05:51:48 +0000] \"POST /auth/register HTTP/1.1\" 404 153 \"-\" \"PostmanRuntime/7.48.0\"","timestamp":"2025-10-15T05:51:48.214Z"}
{"level":"info","message":"::1 - - [15/Oct/2025:05:52:46 +0000] \"POST /auth/register HTTP/1.1\" 404 153 \"-\" \"PostmanRuntime/7.48.0\"","timestamp":"2025-10-15T05:52:46.143Z"}
{"level":"info","message":"::1 - - [15/Oct/2025:06:40:23 +0000] \"GET /api/csrf-token HTTP/1.1\" 200 52 \"-\" \"PostmanRuntime/7.48.0\"","timestamp":"2025-10-15T06:40:23.155Z"}
{"level":"info","message":"::1 - - [15/Oct/2025:06:40:52 +0000] \"POST /auth/register HTTP/1.1\" 404 153 \"-\" \"PostmanRuntime/7.48.0\"","timestamp":"2025-10-15T06:40:52.396Z"}
{"level":"info","message":"::1 - - [15/Oct/2025:06:56:12 +0000] \"GET /api/csrf-token HTTP/1.1\" 200 52 \"-\" \"PostmanRuntime/7.48.0\"","timestamp":"2025-10-15T06:56:12.743Z"}
{"level":"info","message":"::1 - - [15/Oct/2025:06:56:24 +0000] \"POST /auth/register HTTP/1.1\" 404 153 \"-\" \"PostmanRuntime/7.48.0\"","timestamp":"2025-10-15T06:56:24.351Z"}
{"level":"info","message":"::1 - - [15/Oct/2025:06:56:46 +0000] \"POST /auth/register HTTP/1.1\" 404 153 \"-\" \"PostmanRuntime/7.48.0\"","timestamp":"2025-10-15T06:56:46.116Z"}
{"level":"error","message":"ForbiddenError: invalid csrf token\n    at csrf (E:\\GIT\\NodeJs-SecureApp\\node_modules\\csurf\\index.js:112:19)\n    at Layer.handleRequest (E:\\GIT\\NodeJs-SecureApp\\node_modules\\router\\lib\\layer.js:152:17)\n    at trimPrefix (E:\\GIT\\NodeJs-SecureApp\\node_modules\\router\\index.js:342:13)\n    at E:\\GIT\\NodeJs-SecureApp\\node_modules\\router\\index.js:297:9\n    at processParams (E:\\GIT\\NodeJs-SecureApp\\node_modules\\router\\index.js:582:12)\n    at next (E:\\GIT\\NodeJs-SecureApp\\node_modules\\router\\index.js:291:5)\n    at file:///E:/GIT/NodeJs-SecureApp/node_modules/express-rate-limit/dist/index.mjs:870:7\n    at process.processTicksAndRejections (node:internal/process/task_queues:105:5)\n    at async file:///E:/GIT/NodeJs-SecureApp/node_modules/express-rate-limit/dist/index.mjs:753:5","timestamp":"2025-10-15T07:00:44.962Z"}
{"level":"info","message":"::1 - - [15/Oct/2025:07:00:44 +0000] \"POST /auth/login HTTP/1.1\" 500 35 \"-\" \"PostmanRuntime/7.48.0\"","timestamp":"2025-10-15T07:00:44.966Z"}
{"level":"error","message":"ForbiddenError: invalid csrf token\n    at csrf (E:\\GIT\\NodeJs-SecureApp\\node_modules\\csurf\\index.js:112:19)\n    at Layer.handleRequest (E:\\GIT\\NodeJs-SecureApp\\node_modules\\router\\lib\\layer.js:152:17)\n    at trimPrefix (E:\\GIT\\NodeJs-SecureApp\\node_modules\\router\\index.js:342:13)\n    at E:\\GIT\\NodeJs-SecureApp\\node_modules\\router\\index.js:297:9\n    at processParams (E:\\GIT\\NodeJs-SecureApp\\node_modules\\router\\index.js:582:12)\n    at next (E:\\GIT\\NodeJs-SecureApp\\node_modules\\router\\index.js:291:5)\n    at file:///E:/GIT/NodeJs-SecureApp/node_modules/express-rate-limit/dist/index.mjs:870:7\n    at process.processTicksAndRejections (node:internal/process/task_queues:105:5)\n    at async file:///E:/GIT/NodeJs-SecureApp/node_modules/express-rate-limit/dist/index.mjs:753:5","timestamp":"2025-10-15T07:00:49.870Z"}
{"level":"info","message":"::1 - - [15/Oct/2025:07:00:49 +0000] \"POST /api/csrf-token HTTP/1.1\" 500 35 \"-\" \"PostmanRuntime/7.48.0\"","timestamp":"2025-10-15T07:00:49.873Z"}
{"level":"error","message":"ForbiddenError: invalid csrf token\n    at csrf (E:\\GIT\\NodeJs-SecureApp\\node_modules\\csurf\\index.js:112:19)\n    at Layer.handleRequest (E:\\GIT\\NodeJs-SecureApp\\node_modules\\router\\lib\\layer.js:152:17)\n    at trimPrefix (E:\\GIT\\NodeJs-SecureApp\\node_modules\\router\\index.js:342:13)\n    at E:\\GIT\\NodeJs-SecureApp\\node_modules\\router\\index.js:297:9\n    at processParams (E:\\GIT\\NodeJs-SecureApp\\node_modules\\router\\index.js:582:12)\n    at next (E:\\GIT\\NodeJs-SecureApp\\node_modules\\router\\index.js:291:5)\n    at file:///E:/GIT/NodeJs-SecureApp/node_modules/express-rate-limit/dist/index.mjs:870:7\n    at process.processTicksAndRejections (node:internal/process/task_queues:105:5)\n    at async file:///E:/GIT/NodeJs-SecureApp/node_modules/express-rate-limit/dist/index.mjs:753:5","timestamp":"2025-10-15T07:00:59.067Z"}
{"level":"info","message":"::1 - - [15/Oct/2025:07:00:59 +0000] \"POST /api/csrf-token HTTP/1.1\" 500 35 \"-\" \"PostmanRuntime/7.48.0\"","timestamp":"2025-10-15T07:00:59.070Z"}
{"level":"info","message":"::1 - - [15/Oct/2025:07:01:04 +0000] \"GET /api/csrf-token HTTP/1.1\" 200 52 \"-\" \"PostmanRuntime/7.48.0\"","timestamp":"2025-10-15T07:01:04.380Z"}
{"level":"info","message":"::1 - - [15/Oct/2025:07:01:34 +0000] \"POST /api/auth/register HTTP/1.1\" 201 42 \"-\" \"PostmanRuntime/7.48.0\"","timestamp":"2025-10-15T07:01:34.864Z"}
{"level":"info","message":"::1 - - [15/Oct/2025:07:05:59 +0000] \"POST /api/auth/login HTTP/1.1\" 200 208 \"-\" \"PostmanRuntime/7.48.0\"","timestamp":"2025-10-15T07:05:59.586Z"}
{"level":"info","message":"::1 - - [15/Oct/2025:07:08:46 +0000] \"POST /api/auth/login HTTP/1.1\" 200 208 \"-\" \"PostmanRuntime/7.48.0\"","timestamp":"2025-10-15T07:08:46.990Z"}
{"level":"info","message":"::1 - - [15/Oct/2025:07:08:49 +0000] \"POST /api/auth/login HTTP/1.1\" 200 208 \"-\" \"PostmanRuntime/7.48.0\"","timestamp":"2025-10-15T07:08:49.177Z"}
{"level":"info","message":"::1 - - [15/Oct/2025:07:08:50 +0000] \"POST /api/auth/login HTTP/1.1\" 200 208 \"-\" \"PostmanRuntime/7.48.0\"","timestamp":"2025-10-15T07:08:50.934Z"}
{"level":"info","message":"::1 - - [15/Oct/2025:07:08:52 +0000] \"POST /api/auth/login HTTP/1.1\" 200 208 \"-\" \"PostmanRuntime/7.48.0\"","timestamp":"2025-10-15T07:08:52.683Z"}
{"level":"info","message":"::1 - - [15/Oct/2025:07:14:02 +0000] \"POST /api/auth/register HTTP/1.1\" 201 42 \"-\" \"PostmanRuntime/7.48.0\"","timestamp":"2025-10-15T07:14:02.206Z"}
{"level":"info","message":"::1 - - [15/Oct/2025:07:15:22 +0000] \"POST /api/auth/login HTTP/1.1\" 200 208 \"-\" \"PostmanRuntime/7.48.0\"","timestamp":"2025-10-15T07:15:22.037Z"}
{"level":"info","message":"::1 - - [15/Oct/2025:07:15:30 +0000] \"POST /api/auth/login HTTP/1.1\" 200 208 \"-\" \"PostmanRuntime/7.48.0\"","timestamp":"2025-10-15T07:15:30.363Z"}
{"level":"info","message":"::1 - - [15/Oct/2025:07:16:55 +0000] \"POST /api/auth/register HTTP/1.1\" 400 33 \"-\" \"PostmanRuntime/7.48.0\"","timestamp":"2025-10-15T07:16:55.843Z"}
{"level":"info","message":"::1 - - [15/Oct/2025:07:16:59 +0000] \"POST /api/auth/login HTTP/1.1\" 200 208 \"-\" \"PostmanRuntime/7.48.0\"","timestamp":"2025-10-15T07:16:59.713Z"}
